Using pre-set license
Built from '2020.2/staging' branch; Version is '2020.2.7f1 (c53830e277f1) revision 12924976'; Using compiler version '192528614'; Build Type 'Release'
OS: 'Windows 10 Education; OS build 18363.1440; Version 1909; 64bit' Language: 'en' Physical Memory: 16337 MB
BatchMode: 1, IsHumanControllingUs: 0, StartBugReporterOnCrash: 0, Is64bit: 1, IsPro: 0

 COMMAND LINE ARGUMENTS:
E:\Unity\2020.2.7f1\Editor\Unity.exe
-adb2
-batchMode
-noUpm
-name
AssetImportWorker0
-projectPath
E:/final_proj/CS426_Final_Project_unBEARable
-logFile
Logs/AssetImportWorker0.log
-srvPort
50329
Successfully changed project path to: E:/final_proj/CS426_Final_Project_unBEARable
E:/final_proj/CS426_Final_Project_unBEARable
Using Asset Import Pipeline V2.
Refreshing native plugins compatible for Editor in 19.55 ms, found 0 plugins.
Preloading 0 native plugins for Editor in 0.00 ms.
Initialize engine version: 2020.2.7f1 (c53830e277f1)
[Subsystems] Discovering subsystems at path E:/Unity/2020.2.7f1/Editor/Data/Resources/UnitySubsystems
[Subsystems] Discovering subsystems at path E:/final_proj/CS426_Final_Project_unBEARable/Assets
GfxDevice: creating device client; threaded=0
Direct3D:
    Version:  Direct3D 11.0 [level 11.1]
    Renderer: AMD Radeon RX 5600 XT (ID=0x731f)
    Vendor:   
    VRAM:     6100 MB
    Driver:   27.20.1034.6
Initialize mono
Mono path[0] = 'E:/Unity/2020.2.7f1/Editor/Data/Managed'
Mono path[1] = 'E:/Unity/2020.2.7f1/Editor/Data/MonoBleedingEdge/lib/mono/unityjit'
Mono config path = 'E:/Unity/2020.2.7f1/Editor/Data/MonoBleedingEdge/etc'
Using monoOptions --debugger-agent=transport=dt_socket,embedding=1,server=y,suspend=n,address=127.0.0.1:56668
Begin MonoManager ReloadAssembly
Registering precompiled unity dll's ...
Register platform support module: E:/Unity/2020.2.7f1/Editor/Data/PlaybackEngines/WebGLSupport/UnityEditor.WebGL.Extensions.dll
Register platform support module: E:/Unity/2020.2.7f1/Editor/Data/PlaybackEngines/MacStandaloneSupport/UnityEditor.OSXStandalone.Extensions.dll
Register platform support module: E:/Unity/2020.2.7f1/Editor/Data/PlaybackEngines/WindowsStandaloneSupport/UnityEditor.WindowsStandalone.Extensions.dll
Register platform support module: E:/Unity/2020.2.7f1/Editor/Data/PlaybackEngines/LinuxStandaloneSupport/UnityEditor.LinuxStandalone.Extensions.dll
Registered in 0.001228 seconds.
Native extension for LinuxStandalone target not found
Native extension for WindowsStandalone target not found
Native extension for OSXStandalone target not found
Native extension for WebGL target not found
Refreshing native plugins compatible for Editor in 19.75 ms, found 0 plugins.
Preloading 0 native plugins for Editor in 0.00 ms.
Invoked RoslynAnalysisRunner static constructor.
RoslynAnalysisRunner will not be running.
RoslynAnalysisRunner has terminated.
Mono: successfully reloaded assembly
- Completed reload, in  0.713 seconds
Platform modules already initialized, skipping
Registering precompiled user dll's ...
Registered in 0.000339 seconds.
Begin MonoManager ReloadAssembly
Native extension for LinuxStandalone target not found
Native extension for WindowsStandalone target not found
Native extension for OSXStandalone target not found
Native extension for WebGL target not found
Refreshing native plugins compatible for Editor in 0.19 ms, found 0 plugins.
Preloading 0 native plugins for Editor in 0.00 ms.
Invoked RoslynAnalysisRunner static constructor.
RoslynAnalysisRunner will not be running.
RoslynAnalysisRunner has terminated.
Mono: successfully reloaded assembly
- Completed reload, in  0.629 seconds
Platform modules already initialized, skipping
========================================================================
Worker process is ready to serve import requests
Launched and connected shader compiler UnityShaderCompiler.exe after 0.03 seconds
Refreshing native plugins compatible for Editor in 0.20 ms, found 0 plugins.
Preloading 0 native plugins for Editor in 0.00 ms.
Unloading 1117 Unused Serialized files (Serialized files now loaded: 0)
System memory in use before: 57.0 MB.
System memory in use after: 57.0 MB.

Unloading 9 unused Assets to reduce memory usage. Loaded Objects now: 1560.
Total: 1.564600 ms (FindLiveObjects: 0.194000 ms CreateObjectMapping: 0.044000 ms MarkObjects: 1.277000 ms  DeleteObjects: 0.048700 ms)

========================================================================
Received Import Request.
  path: Assets/Models/PB_WALK_IDLE_POUND.fbx
  artifactKey: Guid(78df44413bb044e4f9945b3b17306396) Importer(815301076,1909f56bfc062723c751e8b465ee728b)
Start importing Assets/Models/PB_WALK_IDLE_POUND.fbx using Guid(78df44413bb044e4f9945b3b17306396) Importer(815301076,1909f56bfc062723c751e8b465ee728b)  -> (artifact id: 'e93f4155706ba6314a5f2a1a4f6f833a') in 0.400501 seconds
  Import took 0.402438 seconds .

========================================================================
Received Import Request.
  Time since last request: 0.000151 seconds.
  path: Assets/Prefabs/Ice_1.prefab
  artifactKey: Guid(2f156539339a1d144bd39824d20fc0c4) Importer(815301076,1909f56bfc062723c751e8b465ee728b)
Start importing Assets/Prefabs/Ice_1.prefab using Guid(2f156539339a1d144bd39824d20fc0c4) Importer(815301076,1909f56bfc062723c751e8b465ee728b)  -> (artifact id: 'df93a4ba5639094a22bfe3f7a10496bb') in 0.018244 seconds
  Import took 0.019938 seconds .

========================================================================
Received Import Request.
  Time since last request: 0.000143 seconds.
  path: Assets/Prefabs/Fish.prefab
  artifactKey: Guid(dbf6d6b9d801d584681445c16783c835) Importer(815301076,1909f56bfc062723c751e8b465ee728b)
Start importing Assets/Prefabs/Fish.prefab using Guid(dbf6d6b9d801d584681445c16783c835) Importer(815301076,1909f56bfc062723c751e8b465ee728b)  -> (artifact id: '437bd20d504bf09c5260701964c0bb03') in 0.194056 seconds
  Import took 0.195565 seconds .

========================================================================
Received Import Request.
  Time since last request: 0.000142 seconds.
  path: Assets/Prefabs/CandyCane.prefab
  artifactKey: Guid(6faa5e2b66d7c244bbd965549f1b9f97) Importer(815301076,1909f56bfc062723c751e8b465ee728b)
Start importing Assets/Prefabs/CandyCane.prefab using Guid(6faa5e2b66d7c244bbd965549f1b9f97) Importer(815301076,1909f56bfc062723c751e8b465ee728b)  -> (artifact id: '70082518d86436c6ab32c6802e8e611d') in 0.011848 seconds
  Import took 0.013584 seconds .

========================================================================
Received Import Request.
  Time since last request: 0.000179 seconds.
  path: Assets/Models/fishFBX.FBX
  artifactKey: Guid(7791cebc8dd40284789e39c369e515d1) Importer(815301076,1909f56bfc062723c751e8b465ee728b)
Start importing Assets/Models/fishFBX.FBX using Guid(7791cebc8dd40284789e39c369e515d1) Importer(815301076,1909f56bfc062723c751e8b465ee728b)  -> (artifact id: 'f1cd3a68376487fbcb9bc4317351b425') in 0.164178 seconds
  Import took 0.166008 seconds .

========================================================================
Received Import Request.
  Time since last request: 0.000142 seconds.
  path: Assets/Prefabs/Player.prefab
  artifactKey: Guid(e3e2288122cbddf46be142fa1007e91a) Importer(815301076,1909f56bfc062723c751e8b465ee728b)
Start importing Assets/Prefabs/Player.prefab using Guid(e3e2288122cbddf46be142fa1007e91a) Importer(815301076,1909f56bfc062723c751e8b465ee728b)  -> (artifact id: '460d6ec2654b0682a4ba7d2bb097d6e0') in 0.036313 seconds
  Import took 0.038300 seconds .

========================================================================
Received Import Request.
  Time since last request: 0.000143 seconds.
  path: Assets/Prefabs/CandyCane 1.prefab
  artifactKey: Guid(781977928b1d5264ea251b5b849def25) Importer(815301076,1909f56bfc062723c751e8b465ee728b)
Start importing Assets/Prefabs/CandyCane 1.prefab using Guid(781977928b1d5264ea251b5b849def25) Importer(815301076,1909f56bfc062723c751e8b465ee728b)  -> (artifact id: '6f716db74f2acb0b7f7be66141581518') in 0.014544 seconds
  Import took 0.016142 seconds .

========================================================================
Received Import Request.
  Time since last request: 0.000167 seconds.
  path: Assets/Prefabs/Ice_Slope.prefab
  artifactKey: Guid(e07aa0b006451c043b80de52dabd456b) Importer(815301076,1909f56bfc062723c751e8b465ee728b)
Start importing Assets/Prefabs/Ice_Slope.prefab using Guid(e07aa0b006451c043b80de52dabd456b) Importer(815301076,1909f56bfc062723c751e8b465ee728b)  -> (artifact id: '3c5cce0c744026d0363f3539d50f9ea8') in 0.005454 seconds
  Import took 0.007269 seconds .

